<?xml version="1.0" encoding="UTF-8"?>
<!-- Generated by org.testng.reporters.JUnitReportReporter -->
<testsuite skipped="0" hostname="qainfotech-Latitude-3490" name="com.demosite.SampleUILayoutTest.WelcomePage" tests="2" failures="0" timestamp="2020-05-12T18:43:21 IST" time="2.194" errors="0">
  <testcase name="reportUpdate" time="0.168" classname="com.demosite.SampleUILayoutTest.WelcomePage"/>
  <system-out/>
  <testcase name="checkHomePage" time="2.026" classname="com.demosite.SampleUILayoutTest.WelcomePage"/>
  <system-out/>
</testsuite> <!-- com.demosite.SampleUILayoutTest.WelcomePage -->
