<?xml version="1.0" encoding="UTF-8"?>
<!-- Generated by org.testng.reporters.JUnitReportReporter -->
<testsuite skipped="0" hostname="qainfotech-Latitude-3490" name="com.demosite.SampleUILayoutTest.layoutTest" tests="6" failures="0" timestamp="2020-05-13T16:14:54 IST" time="37.249" errors="0">
  <testcase name="loginPageonDevice" time="4.779" classname="com.demosite.SampleUILayoutTest.layoutTest"/>
  <system-out/>
  <testcase name="loginPageonDevice" time="5.310" classname="com.demosite.SampleUILayoutTest.layoutTest"/>
  <system-out/>
  <testcase name="welcomePageonDevice" time="5.588" classname="com.demosite.SampleUILayoutTest.layoutTest"/>
  <system-out/>
  <testcase name="MyNotesPageonDevice" time="7.548" classname="com.demosite.SampleUILayoutTest.layoutTest"/>
  <system-out/>
  <testcase name="MyNotesPageonDevice" time="7.606" classname="com.demosite.SampleUILayoutTest.layoutTest"/>
  <system-out/>
  <testcase name="welcomePageonDevice" time="6.418" classname="com.demosite.SampleUILayoutTest.layoutTest"/>
  <system-out/>
</testsuite> <!-- com.demosite.SampleUILayoutTest.layoutTest -->
