<?xml version="1.0" encoding="UTF-8"?>
<!-- Generated by org.testng.reporters.JUnitReportReporter -->
<testsuite skipped="0" hostname="qainfotech-Latitude-3490" name="com.demosite.SampleUILayoutTest.WelcomePage" tests="2" failures="0" timestamp="2020-05-13T11:57:21 IST" time="3.905" errors="0">
  <testcase name="checkHomePage" time="2.350" classname="com.demosite.SampleUILayoutTest.WelcomePage"/>
  <system-out/>
  <testcase name="checkLoginPage" time="1.555" classname="com.demosite.SampleUILayoutTest.WelcomePage"/>
  <system-out/>
</testsuite> <!-- com.demosite.SampleUILayoutTest.WelcomePage -->
