<?xml version="1.0" encoding="UTF-8"?>
<!-- Generated by org.testng.reporters.JUnitReportReporter -->
<testsuite skipped="0" hostname="qainfotech-Latitude-3490" name="com.demosite.SampleUILayoutTest.layoutTest" tests="9" failures="0" timestamp="2020-05-13T11:50:37 IST" time="62.949" errors="0">
  <testcase name="welcomePageonDevice" time="7.192" classname="com.demosite.SampleUILayoutTest.layoutTest"/>
  <system-out/>
  <testcase name="MyNotesPageonDevice" time="6.857" classname="com.demosite.SampleUILayoutTest.layoutTest"/>
  <system-out/>
  <testcase name="MyNotesPageonDevice" time="10.855" classname="com.demosite.SampleUILayoutTest.layoutTest"/>
  <system-out/>
  <testcase name="loginPageonDevice" time="5.033" classname="com.demosite.SampleUILayoutTest.layoutTest"/>
  <system-out/>
  <testcase name="MyNotesPageonDevice" time="7.824" classname="com.demosite.SampleUILayoutTest.layoutTest"/>
  <system-out/>
  <testcase name="loginPageonDevice" time="5.683" classname="com.demosite.SampleUILayoutTest.layoutTest"/>
  <system-out/>
  <testcase name="welcomePageonDevice" time="4.736" classname="com.demosite.SampleUILayoutTest.layoutTest"/>
  <system-out/>
  <testcase name="welcomePageonDevice" time="9.025" classname="com.demosite.SampleUILayoutTest.layoutTest"/>
  <system-out/>
  <testcase name="loginPageonDevice" time="5.744" classname="com.demosite.SampleUILayoutTest.layoutTest"/>
  <system-out/>
</testsuite> <!-- com.demosite.SampleUILayoutTest.layoutTest -->
